<?xml version="1.0" encoding="UTF-8"?>
<!-- Generated by org.testng.reporters.JUnitReportReporter -->
<testsuite hostname="Shishirs-MBP" failures="0" tests="4" name="Automation.LibraryAPI" time="7.601" errors="0" timestamp="2024-01-02T15:37:29 GMT-05:00" skipped="0">
  <testcase classname="Automation.LibraryAPI" name="library" time="1.180"/>
  <testcase classname="Automation.LibraryAPI" name="library" time="4.242"/>
  <testcase classname="Automation.LibraryAPI" name="library" time="1.107"/>
  <testcase classname="Automation.LibraryAPI" name="library" time="1.072"/>
</testsuite> <!-- Automation.LibraryAPI -->
