<?xml version="1.0" encoding="UTF-8"?>
<!-- Generated by org.testng.reporters.JUnitReportReporter -->
<testsuite hostname="Shishirs-MBP" failures="0" tests="1" name="Automation.sumValidation" time="2.186" errors="0" timestamp="2023-12-30T14:02:15 GMT-05:00" skipped="0">
  <testcase classname="Automation.sumValidation" name="validation" time="2.186"/>
</testsuite> <!-- Automation.sumValidation -->
